<?xml version="1.0" encoding="UTF-8"?>
<!-- Generated by org.testng.reporters.JUnitXMLReporter -->
<testsuite hostname="Anujs-MacBook-Air.local" ignored="0" name="Login Testing for multiple users" tests="9" failures="0" timestamp="28 Feb 2022 11:49:21 GMT" time="28.21" errors="0">
  <testcase name="@BeforeClass setup" time="25.047" classname="com.InetBanking.testCases.BaseClass">
    <failure type="org.openqa.selenium.SessionNotCreatedException" message="session not created: This version of ChromeDriver only supports Chrome version 96
Current browser version is 98.0.4758.109 with binary path /Applications/Google Chrome.app/Contents/MacOS/Google Chrome
Build info: version: &amp;apos;3.14.0&amp;apos;, revision: &amp;apos;aacccce0&amp;apos;, time: &amp;apos;2018-08-02T20:19:58.91Z&amp;apos;
System info: host: &amp;apos;Anujs-MacBook-Air.local&amp;apos;, ip: &amp;apos;2405:201:6813:20af:d561:449e:6eef:cb2c%en0&amp;apos;, os.name: &amp;apos;Mac OS X&amp;apos;, os.arch: &amp;apos;x86_64&amp;apos;, os.version: &amp;apos;12.2.1&amp;apos;, java.version: &amp;apos;1.8.0_321&amp;apos;
Driver info: driver.version: ChromeDriver
remote stacktrace: 0   chromedriver                        0x00000001027be140 __gxx_personality_v0 + 543984
1   chromedriver                        0x0000000102753c08 __gxx_personality_v0 + 108472
2   chromedriver                        0x00000001023527a4 chromedriver + 157604
3   chromedriver                        0x0000000102374b2c chromedriver + 297772
4   chromedriver                        0x00000001023715cc chromedriver + 284108
5   chromedriver                        0x000000010236e5e8 chromedriver + 271848
6   chromedriver                        0x000000010239fd88 chromedriver + 474504
7   chromedriver                        0x00000001023771dc chromedriver + 307676
8   chromedriver                        0x00000001027815d8 __gxx_personality_v0 + 295304
9   chromedriver                        0x00000001027955d4 __gxx_personality_v0 + 377220
10  chromedriver                        0x0000000102799ca8 __gxx_personality_v0 + 395352
11  chromedriver                        0x00000001027963f4 __gxx_personality_v0 + 380836
12  chromedriver                        0x00000001027770f0 __gxx_personality_v0 + 253088
13  chromedriver                        0x00000001027af570 __gxx_personality_v0 + 483616
14  chromedriver                        0x00000001027af6e4 __gxx_personality_v0 + 483988
15  chromedriver                        0x00000001027c4d10 __gxx_personality_v0 + 571584
16  libsystem_pthread.dylib             0x00000001969a5240 _pthread_start + 148
17  libsystem_pthread.dylib             0x00000001969a0024 thread_start + 8
">
      <![CDATA[org.openqa.selenium.SessionNotCreatedException: session not created: This version of ChromeDriver only supports Chrome version 96
Current browser version is 98.0.4758.109 with binary path /Applications/Google Chrome.app/Contents/MacOS/Google Chrome
Build info: version: '3.14.0', revision: 'aacccce0', time: '2018-08-02T20:19:58.91Z'
System info: host: 'Anujs-MacBook-Air.local', ip: '2405:201:6813:20af:d561:449e:6eef:cb2c%en0', os.name: 'Mac OS X', os.arch: 'x86_64', os.version: '12.2.1', java.version: '1.8.0_321'
Driver info: driver.version: ChromeDriver
remote stacktrace: 0   chromedriver                        0x00000001027be140 __gxx_personality_v0 + 543984
1   chromedriver                        0x0000000102753c08 __gxx_personality_v0 + 108472
2   chromedriver                        0x00000001023527a4 chromedriver + 157604
3   chromedriver                        0x0000000102374b2c chromedriver + 297772
4   chromedriver                        0x00000001023715cc chromedriver + 284108
5   chromedriver                        0x000000010236e5e8 chromedriver + 271848
6   chromedriver                        0x000000010239fd88 chromedriver + 474504
7   chromedriver                        0x00000001023771dc chromedriver + 307676
8   chromedriver                        0x00000001027815d8 __gxx_personality_v0 + 295304
9   chromedriver                        0x00000001027955d4 __gxx_personality_v0 + 377220
10  chromedriver                        0x0000000102799ca8 __gxx_personality_v0 + 395352
11  chromedriver                        0x00000001027963f4 __gxx_personality_v0 + 380836
12  chromedriver                        0x00000001027770f0 __gxx_personality_v0 + 253088
13  chromedriver                        0x00000001027af570 __gxx_personality_v0 + 483616
14  chromedriver                        0x00000001027af6e4 __gxx_personality_v0 + 483988
15  chromedriver                        0x00000001027c4d10 __gxx_personality_v0 + 571584
16  libsystem_pthread.dylib             0x00000001969a5240 _pthread_start + 148
17  libsystem_pthread.dylib             0x00000001969a0024 thread_start + 8

at org.openqa.selenium.remote.W3CHandshakeResponse.lambda$new$0(W3CHandshakeResponse.java:57)
at org.openqa.selenium.remote.W3CHandshakeResponse.lambda$getResponseFunction$2(W3CHandshakeResponse.java:104)
at org.openqa.selenium.remote.ProtocolHandshake.lambda$createSession$0(ProtocolHandshake.java:122)
at java.util.stream.ReferencePipeline$3$1.accept(ReferencePipeline.java:193)
at java.util.Spliterators$ArraySpliterator.tryAdvance(Spliterators.java:958)
at java.util.stream.ReferencePipeline.forEachWithCancel(ReferencePipeline.java:126)
at java.util.stream.AbstractPipeline.copyIntoWithCancel(AbstractPipeline.java:499)
at java.util.stream.AbstractPipeline.copyInto(AbstractPipeline.java:486)
at java.util.stream.AbstractPipeline.wrapAndCopyInto(AbstractPipeline.java:472)
at java.util.stream.FindOps$FindOp.evaluateSequential(FindOps.java:152)
at java.util.stream.AbstractPipeline.evaluate(AbstractPipeline.java:234)
at java.util.stream.ReferencePipeline.findFirst(ReferencePipeline.java:464)
at org.openqa.selenium.remote.ProtocolHandshake.createSession(ProtocolHandshake.java:125)
at org.openqa.selenium.remote.ProtocolHandshake.createSession(ProtocolHandshake.java:73)
at org.openqa.selenium.remote.HttpCommandExecutor.execute(HttpCommandExecutor.java:136)
at org.openqa.selenium.remote.service.DriverCommandExecutor.execute(DriverCommandExecutor.java:83)
at org.openqa.selenium.remote.RemoteWebDriver.execute(RemoteWebDriver.java:548)
at org.openqa.selenium.remote.RemoteWebDriver.startSession(RemoteWebDriver.java:212)
at org.openqa.selenium.remote.RemoteWebDriver.<init>(RemoteWebDriver.java:130)
at org.openqa.selenium.chrome.ChromeDriver.<init>(ChromeDriver.java:181)
at org.openqa.selenium.chrome.ChromeDriver.<init>(ChromeDriver.java:168)
at org.openqa.selenium.chrome.ChromeDriver.<init>(ChromeDriver.java:123)
at com.InetBanking.testCases.BaseClass.setup(BaseClass.java:35)
... Removed 30 stack frames]]>
    </failure>
  </testcase> <!-- @BeforeClass setup -->
  <testcase name="@AfterClass teardown" time="0.0" classname="com.InetBanking.testCases.BaseClass">
    <skipped/>
  </testcase> <!-- @AfterClass teardown -->
  <testcase name="@BeforeClass setup" time="1.362" classname="com.InetBanking.testCases.BaseClass">
    <failure type="org.openqa.selenium.SessionNotCreatedException" message="session not created: This version of ChromeDriver only supports Chrome version 96
Current browser version is 98.0.4758.109 with binary path /Applications/Google Chrome.app/Contents/MacOS/Google Chrome
Build info: version: &amp;apos;3.14.0&amp;apos;, revision: &amp;apos;aacccce0&amp;apos;, time: &amp;apos;2018-08-02T20:19:58.91Z&amp;apos;
System info: host: &amp;apos;Anujs-MacBook-Air.local&amp;apos;, ip: &amp;apos;2405:201:6813:20af:d561:449e:6eef:cb2c%en0&amp;apos;, os.name: &amp;apos;Mac OS X&amp;apos;, os.arch: &amp;apos;x86_64&amp;apos;, os.version: &amp;apos;12.2.1&amp;apos;, java.version: &amp;apos;1.8.0_321&amp;apos;
Driver info: driver.version: ChromeDriver
remote stacktrace: 0   chromedriver                        0x000000010100e140 __gxx_personality_v0 + 543984
1   chromedriver                        0x0000000100fa3c08 __gxx_personality_v0 + 108472
2   chromedriver                        0x0000000100ba27a4 chromedriver + 157604
3   chromedriver                        0x0000000100bc4b2c chromedriver + 297772
4   chromedriver                        0x0000000100bc15cc chromedriver + 284108
5   chromedriver                        0x0000000100bbe5e8 chromedriver + 271848
6   chromedriver                        0x0000000100befd88 chromedriver + 474504
7   chromedriver                        0x0000000100bc71dc chromedriver + 307676
8   chromedriver                        0x0000000100fd15d8 __gxx_personality_v0 + 295304
9   chromedriver                        0x0000000100fe55d4 __gxx_personality_v0 + 377220
10  chromedriver                        0x0000000100fe9ca8 __gxx_personality_v0 + 395352
11  chromedriver                        0x0000000100fe63f4 __gxx_personality_v0 + 380836
12  chromedriver                        0x0000000100fc70f0 __gxx_personality_v0 + 253088
13  chromedriver                        0x0000000100fff570 __gxx_personality_v0 + 483616
14  chromedriver                        0x0000000100fff6e4 __gxx_personality_v0 + 483988
15  chromedriver                        0x0000000101014d10 __gxx_personality_v0 + 571584
16  libsystem_pthread.dylib             0x00000001969a5240 _pthread_start + 148
17  libsystem_pthread.dylib             0x00000001969a0024 thread_start + 8
">
      <![CDATA[org.openqa.selenium.SessionNotCreatedException: session not created: This version of ChromeDriver only supports Chrome version 96
Current browser version is 98.0.4758.109 with binary path /Applications/Google Chrome.app/Contents/MacOS/Google Chrome
Build info: version: '3.14.0', revision: 'aacccce0', time: '2018-08-02T20:19:58.91Z'
System info: host: 'Anujs-MacBook-Air.local', ip: '2405:201:6813:20af:d561:449e:6eef:cb2c%en0', os.name: 'Mac OS X', os.arch: 'x86_64', os.version: '12.2.1', java.version: '1.8.0_321'
Driver info: driver.version: ChromeDriver
remote stacktrace: 0   chromedriver                        0x000000010100e140 __gxx_personality_v0 + 543984
1   chromedriver                        0x0000000100fa3c08 __gxx_personality_v0 + 108472
2   chromedriver                        0x0000000100ba27a4 chromedriver + 157604
3   chromedriver                        0x0000000100bc4b2c chromedriver + 297772
4   chromedriver                        0x0000000100bc15cc chromedriver + 284108
5   chromedriver                        0x0000000100bbe5e8 chromedriver + 271848
6   chromedriver                        0x0000000100befd88 chromedriver + 474504
7   chromedriver                        0x0000000100bc71dc chromedriver + 307676
8   chromedriver                        0x0000000100fd15d8 __gxx_personality_v0 + 295304
9   chromedriver                        0x0000000100fe55d4 __gxx_personality_v0 + 377220
10  chromedriver                        0x0000000100fe9ca8 __gxx_personality_v0 + 395352
11  chromedriver                        0x0000000100fe63f4 __gxx_personality_v0 + 380836
12  chromedriver                        0x0000000100fc70f0 __gxx_personality_v0 + 253088
13  chromedriver                        0x0000000100fff570 __gxx_personality_v0 + 483616
14  chromedriver                        0x0000000100fff6e4 __gxx_personality_v0 + 483988
15  chromedriver                        0x0000000101014d10 __gxx_personality_v0 + 571584
16  libsystem_pthread.dylib             0x00000001969a5240 _pthread_start + 148
17  libsystem_pthread.dylib             0x00000001969a0024 thread_start + 8

at org.openqa.selenium.remote.W3CHandshakeResponse.lambda$new$0(W3CHandshakeResponse.java:57)
at org.openqa.selenium.remote.W3CHandshakeResponse.lambda$getResponseFunction$2(W3CHandshakeResponse.java:104)
at org.openqa.selenium.remote.ProtocolHandshake.lambda$createSession$0(ProtocolHandshake.java:122)
at java.util.stream.ReferencePipeline$3$1.accept(ReferencePipeline.java:193)
at java.util.Spliterators$ArraySpliterator.tryAdvance(Spliterators.java:958)
at java.util.stream.ReferencePipeline.forEachWithCancel(ReferencePipeline.java:126)
at java.util.stream.AbstractPipeline.copyIntoWithCancel(AbstractPipeline.java:499)
at java.util.stream.AbstractPipeline.copyInto(AbstractPipeline.java:486)
at java.util.stream.AbstractPipeline.wrapAndCopyInto(AbstractPipeline.java:472)
at java.util.stream.FindOps$FindOp.evaluateSequential(FindOps.java:152)
at java.util.stream.AbstractPipeline.evaluate(AbstractPipeline.java:234)
at java.util.stream.ReferencePipeline.findFirst(ReferencePipeline.java:464)
at org.openqa.selenium.remote.ProtocolHandshake.createSession(ProtocolHandshake.java:125)
at org.openqa.selenium.remote.ProtocolHandshake.createSession(ProtocolHandshake.java:73)
at org.openqa.selenium.remote.HttpCommandExecutor.execute(HttpCommandExecutor.java:136)
at org.openqa.selenium.remote.service.DriverCommandExecutor.execute(DriverCommandExecutor.java:83)
at org.openqa.selenium.remote.RemoteWebDriver.execute(RemoteWebDriver.java:548)
at org.openqa.selenium.remote.RemoteWebDriver.startSession(RemoteWebDriver.java:212)
at org.openqa.selenium.remote.RemoteWebDriver.<init>(RemoteWebDriver.java:130)
at org.openqa.selenium.chrome.ChromeDriver.<init>(ChromeDriver.java:181)
at org.openqa.selenium.chrome.ChromeDriver.<init>(ChromeDriver.java:168)
at org.openqa.selenium.chrome.ChromeDriver.<init>(ChromeDriver.java:123)
at com.InetBanking.testCases.BaseClass.setup(BaseClass.java:35)
... Removed 30 stack frames]]>
    </failure>
  </testcase> <!-- @BeforeClass setup -->
  <testcase name="@AfterClass teardown" time="0.0" classname="com.InetBanking.testCases.BaseClass">
    <skipped/>
  </testcase> <!-- @AfterClass teardown -->
  <testcase name="LogicTest" time="0.0" classname="com.InetBanking.testCases.TC_LoginTest_001">
    <skipped/>
  </testcase> <!-- LogicTest -->
  <testcase name="loginDDT" time="0.0" classname="com.InetBanking.testCases.TC_LoginDDT_002">
    <skipped/>
  </testcase> <!-- loginDDT -->
  <testcase name="loginDDT" time="0.0" classname="com.InetBanking.testCases.TC_LoginDDT_002">
    <skipped/>
  </testcase> <!-- loginDDT -->
  <testcase name="loginDDT" time="0.0" classname="com.InetBanking.testCases.TC_LoginDDT_002">
    <skipped/>
  </testcase> <!-- loginDDT -->
  <testcase name="loginDDT" time="0.0" classname="com.InetBanking.testCases.TC_LoginDDT_002">
    <skipped/>
  </testcase> <!-- loginDDT -->
  <testcase name="loginDDT" time="0.0" classname="com.InetBanking.testCases.TC_LoginDDT_002">
    <skipped/>
  </testcase> <!-- loginDDT -->
  <testcase name="loginDDT" time="0.0" classname="com.InetBanking.testCases.TC_LoginDDT_002">
    <skipped/>
  </testcase> <!-- loginDDT -->
  <testcase name="loginDDT" time="0.0" classname="com.InetBanking.testCases.TC_LoginDDT_002">
    <skipped/>
  </testcase> <!-- loginDDT -->
  <testcase name="loginDDT" time="0.0" classname="com.InetBanking.testCases.TC_LoginDDT_002">
    <skipped/>
  </testcase> <!-- loginDDT -->
</testsuite> <!-- Login Testing for multiple users -->
