<?xml version="1.0" encoding="UTF-8"?>
<!-- Generated by org.testng.reporters.JUnitReportReporter -->
<testsuite skipped="1" hostname="Anujs-MacBook-Air.local" name="com.InetBanking.testCases.TC_LoginTest_001" tests="2" failures="0" timestamp="28 Feb 2022 11:49:22 GMT" time="25.047" errors="1">
  <testcase name="LogicTest" time="0.000" classname="com.InetBanking.testCases.TC_LoginTest_001">
    <skipped/>
  </testcase> <!-- LogicTest -->
  <testcase name="setup" time="25.047" classname="com.InetBanking.testCases.TC_LoginTest_001">
    <error type="org.openqa.selenium.SessionNotCreatedException" message="session not created: This version of ChromeDriver only supports Chrome version 96
Current browser version is 98.0.4758.109 with binary path /Applications/Google Chrome.app/Contents/MacOS/Google Chrome
Build info: version: &#039;3.14.0&#039;, revision: &#039;aacccce0&#039;, time: &#039;2018-08-02T20:19:58.91Z&#039;
System info: host: &#039;Anujs-MacBook-Air.local&#039;, ip: &#039;2405:201:6813:20af:d561:449e:6eef:cb2c%en0&#039;, os.name: &#039;Mac OS X&#039;, os.arch: &#039;x86_64&#039;, os.version: &#039;12.2.1&#039;, java.version: &#039;1.8.0_321&#039;
Driver info: driver.version: ChromeDriver
remote stacktrace: 0   chromedriver                        0x00000001027be140 __gxx_personality_v0 + 543984
1   chromedriver                        0x0000000102753c08 __gxx_personality_v0 + 108472
2   chromedriver                        0x00000001023527a4 chromedriver + 157604
3   chromedriver                        0x0000000102374b2c chromedriver + 297772
4   chromedriver                        0x00000001023715cc chromedriver + 284108
5   chromedriver                        0x000000010236e5e8 chromedriver + 271848
6   chromedriver                        0x000000010239fd88 chromedriver + 474504
7   chromedriver                        0x00000001023771dc chromedriver + 307676
8   chromedriver                        0x00000001027815d8 __gxx_personality_v0 + 295304
9   chromedriver                        0x00000001027955d4 __gxx_personality_v0 + 377220
10  chromedriver                        0x0000000102799ca8 __gxx_personality_v0 + 395352
11  chromedriver                        0x00000001027963f4 __gxx_personality_v0 + 380836
12  chromedriver                        0x00000001027770f0 __gxx_personality_v0 + 253088
13  chromedriver                        0x00000001027af570 __gxx_personality_v0 + 483616
14  chromedriver                        0x00000001027af6e4 __gxx_personality_v0 + 483988
15  chromedriver                        0x00000001027c4d10 __gxx_personality_v0 + 571584
16  libsystem_pthread.dylib             0x00000001969a5240 _pthread_start + 148
17  libsystem_pthread.dylib             0x00000001969a0024 thread_start + 8
">
      <![CDATA[org.openqa.selenium.SessionNotCreatedException: session not created: This version of ChromeDriver only supports Chrome version 96
Current browser version is 98.0.4758.109 with binary path /Applications/Google Chrome.app/Contents/MacOS/Google Chrome
Build info: version: '3.14.0', revision: 'aacccce0', time: '2018-08-02T20:19:58.91Z'
System info: host: 'Anujs-MacBook-Air.local', ip: '2405:201:6813:20af:d561:449e:6eef:cb2c%en0', os.name: 'Mac OS X', os.arch: 'x86_64', os.version: '12.2.1', java.version: '1.8.0_321'
Driver info: driver.version: ChromeDriver
remote stacktrace: 0   chromedriver                        0x00000001027be140 __gxx_personality_v0 + 543984
1   chromedriver                        0x0000000102753c08 __gxx_personality_v0 + 108472
2   chromedriver                        0x00000001023527a4 chromedriver + 157604
3   chromedriver                        0x0000000102374b2c chromedriver + 297772
4   chromedriver                        0x00000001023715cc chromedriver + 284108
5   chromedriver                        0x000000010236e5e8 chromedriver + 271848
6   chromedriver                        0x000000010239fd88 chromedriver + 474504
7   chromedriver                        0x00000001023771dc chromedriver + 307676
8   chromedriver                        0x00000001027815d8 __gxx_personality_v0 + 295304
9   chromedriver                        0x00000001027955d4 __gxx_personality_v0 + 377220
10  chromedriver                        0x0000000102799ca8 __gxx_personality_v0 + 395352
11  chromedriver                        0x00000001027963f4 __gxx_personality_v0 + 380836
12  chromedriver                        0x00000001027770f0 __gxx_personality_v0 + 253088
13  chromedriver                        0x00000001027af570 __gxx_personality_v0 + 483616
14  chromedriver                        0x00000001027af6e4 __gxx_personality_v0 + 483988
15  chromedriver                        0x00000001027c4d10 __gxx_personality_v0 + 571584
16  libsystem_pthread.dylib             0x00000001969a5240 _pthread_start + 148
17  libsystem_pthread.dylib             0x00000001969a0024 thread_start + 8

at sun.reflect.NativeConstructorAccessorImpl.newInstance0(Native Method)
at sun.reflect.NativeConstructorAccessorImpl.newInstance(NativeConstructorAccessorImpl.java:62)
at sun.reflect.DelegatingConstructorAccessorImpl.newInstance(DelegatingConstructorAccessorImpl.java:45)
at java.lang.reflect.Constructor.newInstance(Constructor.java:423)
at org.openqa.selenium.remote.W3CHandshakeResponse.lambda$new$0(W3CHandshakeResponse.java:57)
at org.openqa.selenium.remote.W3CHandshakeResponse.lambda$getResponseFunction$2(W3CHandshakeResponse.java:104)
at org.openqa.selenium.remote.ProtocolHandshake.lambda$createSession$0(ProtocolHandshake.java:122)
at java.util.stream.ReferencePipeline$3$1.accept(ReferencePipeline.java:193)
at java.util.Spliterators$ArraySpliterator.tryAdvance(Spliterators.java:958)
at java.util.stream.ReferencePipeline.forEachWithCancel(ReferencePipeline.java:126)
at java.util.stream.AbstractPipeline.copyIntoWithCancel(AbstractPipeline.java:499)
at java.util.stream.AbstractPipeline.copyInto(AbstractPipeline.java:486)
at java.util.stream.AbstractPipeline.wrapAndCopyInto(AbstractPipeline.java:472)
at java.util.stream.FindOps$FindOp.evaluateSequential(FindOps.java:152)
at java.util.stream.AbstractPipeline.evaluate(AbstractPipeline.java:234)
at java.util.stream.ReferencePipeline.findFirst(ReferencePipeline.java:464)
at org.openqa.selenium.remote.ProtocolHandshake.createSession(ProtocolHandshake.java:125)
at org.openqa.selenium.remote.ProtocolHandshake.createSession(ProtocolHandshake.java:73)
at org.openqa.selenium.remote.HttpCommandExecutor.execute(HttpCommandExecutor.java:136)
at org.openqa.selenium.remote.service.DriverCommandExecutor.execute(DriverCommandExecutor.java:83)
at org.openqa.selenium.remote.RemoteWebDriver.execute(RemoteWebDriver.java:548)
at org.openqa.selenium.remote.RemoteWebDriver.startSession(RemoteWebDriver.java:212)
at org.openqa.selenium.remote.RemoteWebDriver.<init>(RemoteWebDriver.java:130)
at org.openqa.selenium.chrome.ChromeDriver.<init>(ChromeDriver.java:181)
at org.openqa.selenium.chrome.ChromeDriver.<init>(ChromeDriver.java:168)
at org.openqa.selenium.chrome.ChromeDriver.<init>(ChromeDriver.java:123)
at com.InetBanking.testCases.BaseClass.setup(BaseClass.java:35)
at sun.reflect.NativeMethodAccessorImpl.invoke0(Native Method)
at sun.reflect.NativeMethodAccessorImpl.invoke(NativeMethodAccessorImpl.java:62)
at sun.reflect.DelegatingMethodAccessorImpl.invoke(DelegatingMethodAccessorImpl.java:43)
at java.lang.reflect.Method.invoke(Method.java:498)
at org.testng.internal.MethodInvocationHelper.invokeMethod(MethodInvocationHelper.java:124)
at org.testng.internal.MethodInvocationHelper.invokeMethodConsideringTimeout(MethodInvocationHelper.java:59)
at org.testng.internal.Invoker.invokeConfigurationMethod(Invoker.java:458)
at org.testng.internal.Invoker.invokeConfigurations(Invoker.java:222)
at org.testng.internal.Invoker.invokeConfigurations(Invoker.java:142)
at org.testng.internal.TestMethodWorker.invokeBeforeClassMethods(TestMethodWorker.java:168)
at org.testng.internal.TestMethodWorker.run(TestMethodWorker.java:105)
at org.testng.TestRunner.privateRun(TestRunner.java:648)
at org.testng.TestRunner.run(TestRunner.java:505)
at org.testng.SuiteRunner.runTest(SuiteRunner.java:455)
at org.testng.SuiteRunner.runSequentially(SuiteRunner.java:450)
at org.testng.SuiteRunner.privateRun(SuiteRunner.java:415)
at org.testng.SuiteRunner.run(SuiteRunner.java:364)
at org.testng.SuiteRunnerWorker.runSuite(SuiteRunnerWorker.java:52)
at org.testng.SuiteRunnerWorker.run(SuiteRunnerWorker.java:84)
at org.testng.TestNG.runSuitesSequentially(TestNG.java:1208)
at org.testng.TestNG.runSuitesLocally(TestNG.java:1137)
at org.testng.TestNG.runSuites(TestNG.java:1049)
at org.testng.TestNG.run(TestNG.java:1017)
at org.testng.remote.AbstractRemoteTestNG.run(AbstractRemoteTestNG.java:115)
at org.testng.remote.RemoteTestNG.initAndRun(RemoteTestNG.java:251)
at org.testng.remote.RemoteTestNG.main(RemoteTestNG.java:77)
]]>
    </error>
  </testcase> <!-- setup -->
</testsuite> <!-- com.InetBanking.testCases.TC_LoginTest_001 -->
